<?xml version="1.0" encoding="UTF-8"?>
<!-- Generated by org.testng.reporters.JUnitReportReporter -->
<testsuite hostname="MacBook-Pro-de-Yohanna.local" failures="0" tests="5" name="scripts.iniciarSesion" time="0.000" errors="0" timestamp="2019-09-23T14:52:39 CLST" skipped="5">
  <testcase classname="scripts.iniciarSesion" name="ingresarCorreo" time="0.000">
    <skipped/>
  </testcase> <!-- ingresarCorreo -->
  <testcase classname="scripts.iniciarSesion" name="ingresarPassword" time="0.000">
    <skipped/>
  </testcase> <!-- ingresarPassword -->
  <testcase classname="scripts.iniciarSesion" name="presionarBotonIngresar" time="0.000">
    <skipped/>
  </testcase> <!-- presionarBotonIngresar -->
  <testcase classname="scripts.iniciarSesion" name="abrirMenuPerfil" time="0.000">
    <skipped/>
  </testcase> <!-- abrirMenuPerfil -->
  <testcase classname="scripts.iniciarSesion" name="cerrarSesion" time="0.000">
    <skipped/>
  </testcase> <!-- cerrarSesion -->
</testsuite> <!-- scripts.iniciarSesion -->
